# JRE version: Java(TM) SE Runtime Environment (8.0_162-b12) (build 1.8.0_162-b12)
# Java VM: Java HotSpot(TM) 64-Bit Server VM (25.162-b12 mixed mode windows-amd64 compressed oops)
Heap:
 PSYoungGen      total 38400K, used 13493K [0x00000000d5800000, 0x00000000d8280000, 0x0000000100000000)
  eden space 33280K, 40% used [0x00000000d5800000,0x00000000d652d718,0x00000000d7880000)
  from space 5120K, 0% used [0x00000000d7d80000,0x00000000d7d80000,0x00000000d8280000)
  to   space 5120K, 0% used [0x00000000d7880000,0x00000000d7880000,0x00000000d7d80000)
 ParOldGen       total 60416K, used 4394K [0x0000000080800000, 0x0000000084300000, 0x00000000d5800000)
  object space 60416K, 7% used [0x0000000080800000,0x0000000080c4ab30,0x0000000084300000)
 Metaspace       used 15323K, capacity 15528K, committed 15872K, reserved 1064960K
  class space    used 1843K, capacity 1932K, committed 2048K, reserved 1048576K
GC Heap History (6 events):
Event: 0.636 GC heap before
{Heap before GC invocations=1 (full 0):
 PSYoungGen      total 38400K, used 33280K [0x00000000d5800000, 0x00000000d8280000, 0x0000000100000000)
  eden space 33280K, 100% used [0x00000000d5800000,0x00000000d7880000,0x00000000d7880000)
  from space 5120K, 0% used [0x00000000d7d80000,0x00000000d7d80000,0x00000000d8280000)
  to   space 5120K, 0% used [0x00000000d7880000,0x00000000d7880000,0x00000000d7d80000)
 ParOldGen       total 87552K, used 0K [0x0000000080800000, 0x0000000085d80000, 0x00000000d5800000)
  object space 87552K, 0% used [0x0000000080800000,0x0000000080800000,0x0000000085d80000)
 Metaspace       used 10222K, capacity 10308K, committed 10496K, reserved 1058816K
  class space    used 1160K, capacity 1200K, committed 1280K, reserved 1048576K
Event: 0.641 GC heap after
Heap after GC invocations=1 (full 0):
 PSYoungGen      total 38400K, used 5115K [0x00000000d5800000, 0x00000000d8280000, 0x0000000100000000)
  eden space 33280K, 0% used [0x00000000d5800000,0x00000000d5800000,0x00000000d7880000)
  from space 5120K, 99% used [0x00000000d7880000,0x00000000d7d7edb8,0x00000000d7d80000)
  to   space 5120K, 0% used [0x00000000d7d80000,0x00000000d7d80000,0x00000000d8280000)
 ParOldGen       total 87552K, used 989K [0x0000000080800000, 0x0000000085d80000, 0x00000000d5800000)
  object space 87552K, 1% used [0x0000000080800000,0x00000000808f7690,0x0000000085d80000)
 Metaspace       used 10222K, capacity 10308K, committed 10496K, reserved 1058816K
  class space    used 1160K, capacity 1200K, committed 1280K, reserved 1048576K
}
Event: 0.915 GC heap before
{Heap before GC invocations=2 (full 0):
 PSYoungGen      total 38400K, used 22131K [0x00000000d5800000, 0x00000000d8280000, 0x0000000100000000)
  eden space 33280K, 51% used [0x00000000d5800000,0x00000000d689e160,0x00000000d7880000)
  from space 5120K, 99% used [0x00000000d7880000,0x00000000d7d7edb8,0x00000000d7d80000)
  to   space 5120K, 0% used [0x00000000d7d80000,0x00000000d7d80000,0x00000000d8280000)
 ParOldGen       total 87552K, used 989K [0x0000000080800000, 0x0000000085d80000, 0x00000000d5800000)
  object space 87552K, 1% used [0x0000000080800000,0x00000000808f7690,0x0000000085d80000)
 Metaspace       used 13375K, capacity 13562K, committed 13696K, reserved 1067008K
  class space    used 1535K, capacity 1639K, committed 1664K, reserved 1048576K
Event: 0.919 GC heap after
Heap after GC invocations=2 (full 0):
 PSYoungGen      total 38400K, used 4544K [0x00000000d5800000, 0x00000000d8280000, 0x0000000100000000)
  eden space 33280K, 0% used [0x00000000d5800000,0x00000000d5800000,0x00000000d7880000)
  from space 5120K, 88% used [0x00000000d7d80000,0x00000000d81f02a0,0x00000000d8280000)
  to   space 5120K, 0% used [0x00000000d7880000,0x00000000d7880000,0x00000000d7d80000)
 ParOldGen       total 87552K, used 1005K [0x0000000080800000, 0x0000000085d80000, 0x00000000d5800000)
  object space 87552K, 1% used [0x0000000080800000,0x00000000808fb690,0x0000000085d80000)
 Metaspace       used 13375K, capacity 13562K, committed 13696K, reserved 1067008K
  class space    used 1535K, capacity 1639K, committed 1664K, reserved 1048576K
}
Event: 0.919 GC heap before
{Heap before GC invocations=3 (full 1):
 PSYoungGen      total 38400K, used 4544K [0x00000000d5800000, 0x00000000d8280000, 0x0000000100000000)
  eden space 33280K, 0% used [0x00000000d5800000,0x00000000d5800000,0x00000000d7880000)
  from space 5120K, 88% used [0x00000000d7d80000,0x00000000d81f02a0,0x00000000d8280000)
  to   space 5120K, 0% used [0x00000000d7880000,0x00000000d7880000,0x00000000d7d80000)
 ParOldGen       total 87552K, used 1005K [0x0000000080800000, 0x0000000085d80000, 0x00000000d5800000)
  object space 87552K, 1% used [0x0000000080800000,0x00000000808fb690,0x0000000085d80000)
 Metaspace       used 13375K, capacity 13562K, committed 13696K, reserved 1067008K
  class space    used 1535K, capacity 1639K, committed 1664K, reserved 1048576K
Event: 0.935 GC heap after
Heap after GC invocations=3 (full 1):
 PSYoungGen      total 38400K, used 0K [0x00000000d5800000, 0x00000000d8280000, 0x0000000100000000)
  eden space 33280K, 0% used [0x00000000d5800000,0x00000000d5800000,0x00000000d7880000)
  from space 5120K, 0% used [0x00000000d7d80000,0x00000000d7d80000,0x00000000d8280000)
  to   space 5120K, 0% used [0x00000000d7880000,0x00000000d7880000,0x00000000d7d80000)
 ParOldGen       total 60416K, used 4394K [0x0000000080800000, 0x0000000084300000, 0x00000000d5800000)
  object space 60416K, 7% used [0x0000000080800000,0x0000000080c4ab30,0x0000000084300000)
 Metaspace       used 13375K, capacity 13562K, committed 13696K, reserved 1064960K
  class space    used 1535K, capacity 1639K, committed 1664K, reserved 1048576K
}

