# JRE version: Java(TM) SE Runtime Environment (8.0_162-b12) (build 1.8.0_162-b12)
# Java VM: Java HotSpot(TM) 64-Bit Server VM (25.162-b12 mixed mode windows-amd64 compressed oops)
Heap:
 PSYoungGen      total 30208K, used 18214K [0x00000000d5800000, 0x00000000d8900000, 0x0000000100000000)
  eden space 28160K, 64% used [0x00000000d5800000,0x00000000d69c9848,0x00000000d7380000)
  from space 2048K, 0% used [0x00000000d8700000,0x00000000d8700000,0x00000000d8900000)
  to   space 4608K, 0% used [0x00000000d8000000,0x00000000d8000000,0x00000000d8480000)
 ParOldGen       total 45056K, used 9362K [0x0000000080800000, 0x0000000083400000, 0x00000000d5800000)
  object space 45056K, 20% used [0x0000000080800000,0x0000000081124820,0x0000000083400000)
 Metaspace       used 21972K, capacity 22260K, committed 22448K, reserved 1069056K
  class space    used 2693K, capacity 2804K, committed 2816K, reserved 1048576K
GC Heap History (10 events):
Event: 24.772 GC heap before
{Heap before GC invocations=209 (full 0):
 PSYoungGen      total 30720K, used 30711K [0x00000000d5800000, 0x00000000d8b00000, 0x0000000100000000)
  eden space 30208K, 100% used [0x00000000d5800000,0x00000000d7580000,0x00000000d7580000)
  from space 512K, 98% used [0x00000000d8a80000,0x00000000d8afdc48,0x00000000d8b00000)
  to   space 512K, 0% used [0x00000000d8a00000,0x00000000d8a00000,0x00000000d8a80000)
 ParOldGen       total 87552K, used 3874K [0x0000000080800000, 0x0000000085d80000, 0x00000000d5800000)
  object space 87552K, 4% used [0x0000000080800000,0x0000000080bc8b80,0x0000000085d80000)
 Metaspace       used 10248K, capacity 10372K, committed 10496K, reserved 1058816K
  class space    used 1153K, capacity 1200K, committed 1280K, reserved 1048576K
Event: 24.775 GC heap after
Heap after GC invocations=209 (full 0):
 PSYoungGen      total 30208K, used 512K [0x00000000d5800000, 0x00000000d8b00000, 0x0000000100000000)
  eden space 29696K, 0% used [0x00000000d5800000,0x00000000d5800000,0x00000000d7500000)
  from space 512K, 100% used [0x00000000d8a00000,0x00000000d8a80000,0x00000000d8a80000)
  to   space 512K, 0% used [0x00000000d8a80000,0x00000000d8a80000,0x00000000d8b00000)
 ParOldGen       total 87552K, used 8469K [0x0000000080800000, 0x0000000085d80000, 0x00000000d5800000)
  object space 87552K, 9% used [0x0000000080800000,0x0000000081045738,0x0000000085d80000)
 Metaspace       used 10248K, capacity 10372K, committed 10496K, reserved 1058816K
  class space    used 1153K, capacity 1200K, committed 1280K, reserved 1048576K
}
Event: 25.217 GC heap before
{Heap before GC invocations=210 (full 0):
 PSYoungGen      total 30208K, used 30208K [0x00000000d5800000, 0x00000000d8b00000, 0x0000000100000000)
  eden space 29696K, 100% used [0x00000000d5800000,0x00000000d7500000,0x00000000d7500000)
  from space 512K, 100% used [0x00000000d8a00000,0x00000000d8a80000,0x00000000d8a80000)
  to   space 512K, 0% used [0x00000000d8a80000,0x00000000d8a80000,0x00000000d8b00000)
 ParOldGen       total 87552K, used 8469K [0x0000000080800000, 0x0000000085d80000, 0x00000000d5800000)
  object space 87552K, 9% used [0x0000000080800000,0x0000000081045738,0x0000000085d80000)
 Metaspace       used 15401K, capacity 15592K, committed 15872K, reserved 1062912K
  class space    used 1836K, capacity 1932K, committed 2048K, reserved 1048576K
Event: 25.221 GC heap after
Heap after GC invocations=210 (full 0):
 PSYoungGen      total 29696K, used 512K [0x00000000d5800000, 0x00000000d8b00000, 0x0000000100000000)
  eden space 29184K, 0% used [0x00000000d5800000,0x00000000d5800000,0x00000000d7480000)
  from space 512K, 100% used [0x00000000d8a80000,0x00000000d8b00000,0x00000000d8b00000)
  to   space 4096K, 0% used [0x00000000d8300000,0x00000000d8300000,0x00000000d8700000)
 ParOldGen       total 87552K, used 12938K [0x0000000080800000, 0x0000000085d80000, 0x00000000d5800000)
  object space 87552K, 14% used [0x0000000080800000,0x00000000814a2b90,0x0000000085d80000)
 Metaspace       used 15401K, capacity 15592K, committed 15872K, reserved 1062912K
  class space    used 1836K, capacity 1932K, committed 2048K, reserved 1048576K
}
Event: 25.873 GC heap before
{Heap before GC invocations=211 (full 0):
 PSYoungGen      total 29696K, used 29696K [0x00000000d5800000, 0x00000000d8b00000, 0x0000000100000000)
  eden space 29184K, 100% used [0x00000000d5800000,0x00000000d7480000,0x00000000d7480000)
  from space 512K, 100% used [0x00000000d8a80000,0x00000000d8b00000,0x00000000d8b00000)
  to   space 4096K, 0% used [0x00000000d8300000,0x00000000d8300000,0x00000000d8700000)
 ParOldGen       total 87552K, used 12938K [0x0000000080800000, 0x0000000085d80000, 0x00000000d5800000)
  object space 87552K, 14% used [0x0000000080800000,0x00000000814a2b90,0x0000000085d80000)
 Metaspace       used 19619K, capacity 19892K, committed 20224K, reserved 1067008K
  class space    used 2414K, capacity 2510K, committed 2560K, reserved 1048576K
Event: 25.880 GC heap after
Heap after GC invocations=211 (full 0):
 PSYoungGen      total 32768K, used 4079K [0x00000000d5800000, 0x00000000d8b00000, 0x0000000100000000)
  eden space 28672K, 0% used [0x00000000d5800000,0x00000000d5800000,0x00000000d7400000)
  from space 4096K, 99% used [0x00000000d8300000,0x00000000d86fbd48,0x00000000d8700000)
  to   space 4096K, 0% used [0x00000000d8700000,0x00000000d8700000,0x00000000d8b00000)
 ParOldGen       total 87552K, used 13619K [0x0000000080800000, 0x0000000085d80000, 0x00000000d5800000)
  object space 87552K, 15% used [0x0000000080800000,0x000000008154ce10,0x0000000085d80000)
 Metaspace       used 19619K, capacity 19892K, committed 20224K, reserved 1067008K
  class space    used 2414K, capacity 2510K, committed 2560K, reserved 1048576K
}
Event: 26.257 GC heap before
{Heap before GC invocations=212 (full 0):
 PSYoungGen      total 32768K, used 13773K [0x00000000d5800000, 0x00000000d8b00000, 0x0000000100000000)
  eden space 28672K, 33% used [0x00000000d5800000,0x00000000d6177930,0x00000000d7400000)
  from space 4096K, 99% used [0x00000000d8300000,0x00000000d86fbd48,0x00000000d8700000)
  to   space 4096K, 0% used [0x00000000d8700000,0x00000000d8700000,0x00000000d8b00000)
 ParOldGen       total 87552K, used 13619K [0x0000000080800000, 0x0000000085d80000, 0x00000000d5800000)
  object space 87552K, 15% used [0x0000000080800000,0x000000008154ce10,0x0000000085d80000)
 Metaspace       used 20853K, capacity 21064K, committed 21296K, reserved 1069056K
  class space    used 2564K, capacity 2642K, committed 2688K, reserved 1048576K
Event: 26.262 GC heap after
Heap after GC invocations=212 (full 0):
 PSYoungGen      total 30208K, used 1901K [0x00000000d5800000, 0x00000000d8900000, 0x0000000100000000)
  eden space 28160K, 0% used [0x00000000d5800000,0x00000000d5800000,0x00000000d7380000)
  from space 2048K, 92% used [0x00000000d8700000,0x00000000d88db4d8,0x00000000d8900000)
  to   space 4608K, 0% used [0x00000000d8000000,0x00000000d8000000,0x00000000d8480000)
 ParOldGen       total 87552K, used 14862K [0x0000000080800000, 0x0000000085d80000, 0x00000000d5800000)
  object space 87552K, 16% used [0x0000000080800000,0x00000000816838e0,0x0000000085d80000)
 Metaspace       used 20853K, capacity 21064K, committed 21296K, reserved 1069056K
  class space    used 2564K, capacity 2642K, committed 2688K, reserved 1048576K
}
Event: 26.262 GC heap before
{Heap before GC invocations=213 (full 1):
 PSYoungGen      total 30208K, used 1901K [0x00000000d5800000, 0x00000000d8900000, 0x0000000100000000)
  eden space 28160K, 0% used [0x00000000d5800000,0x00000000d5800000,0x00000000d7380000)
  from space 2048K, 92% used [0x00000000d8700000,0x00000000d88db4d8,0x00000000d8900000)
  to   space 4608K, 0% used [0x00000000d8000000,0x00000000d8000000,0x00000000d8480000)
 ParOldGen       total 87552K, used 14862K [0x0000000080800000, 0x0000000085d80000, 0x00000000d5800000)
  object space 87552K, 16% used [0x0000000080800000,0x00000000816838e0,0x0000000085d80000)
 Metaspace       used 20853K, capacity 21064K, committed 21296K, reserved 1069056K
  class space    used 2564K, capacity 2642K, committed 2688K, reserved 1048576K
Event: 26.290 GC heap after
Heap after GC invocations=213 (full 1):
 PSYoungGen      total 30208K, used 0K [0x00000000d5800000, 0x00000000d8900000, 0x0000000100000000)
  eden space 28160K, 0% used [0x00000000d5800000,0x00000000d5800000,0x00000000d7380000)
  from space 2048K, 0% used [0x00000000d8700000,0x00000000d8700000,0x00000000d8900000)
  to   space 4608K, 0% used [0x00000000d8000000,0x00000000d8000000,0x00000000d8480000)
 ParOldGen       total 45056K, used 9362K [0x0000000080800000, 0x0000000083400000, 0x00000000d5800000)
  object space 45056K, 20% used [0x0000000080800000,0x0000000081124820,0x0000000083400000)
 Metaspace       used 20853K, capacity 21064K, committed 21296K, reserved 1069056K
  class space    used 2564K, capacity 2642K, committed 2688K, reserved 1048576K
}

